<?xml version="1.0" encoding="UTF-8"?>
<testng-results ignored="0" total="3" passed="3" failed="0" skipped="0">
  <reporter-output>
  </reporter-output>
  <suite started-at="2023-04-04T19:38:25 IST" name="Suite" finished-at="2023-04-04T19:38:48 IST" duration-ms="23443">
    <groups>
    </groups>
    <test started-at="2023-04-04T19:38:25 IST" name="Test" finished-at="2023-04-04T19:38:48 IST" duration-ms="23443">
      <class name="testscripts.Test2">
        <test-method is-config="true" signature="classConfiguration()[pri:0, instance:testscripts.Test2@7714e963]" started-at="2023-04-04T19:38:41 IST" name="classConfiguration" finished-at="2023-04-04T19:38:43 IST" duration-ms="1635" status="PASS">
          <reporter-output>
          </reporter-output>
        </test-method> <!-- classConfiguration -->
        <test-method is-config="true" signature="methodConfiguration()[pri:0, instance:testscripts.Test2@7714e963]" started-at="2023-04-04T19:38:43 IST" name="methodConfiguration" finished-at="2023-04-04T19:38:43 IST" duration-ms="63" status="PASS">
          <reporter-output>
          </reporter-output>
        </test-method> <!-- methodConfiguration -->
        <test-method signature="test2()[pri:0, instance:testscripts.Test2@7714e963]" started-at="2023-04-04T19:38:43 IST" name="test2" finished-at="2023-04-04T19:38:48 IST" duration-ms="5101" status="PASS">
          <reporter-output>
          </reporter-output>
        </test-method> <!-- test2 -->
        <test-method is-config="true" signature="classTearDown()[pri:0, instance:testscripts.Test2@7714e963]" started-at="2023-04-04T19:38:48 IST" name="classTearDown" finished-at="2023-04-04T19:38:48 IST" duration-ms="155" status="PASS">
          <reporter-output>
          </reporter-output>
        </test-method> <!-- classTearDown -->
        <test-method is-config="true" signature="methodTearDown()[pri:0, instance:testscripts.Test2@7714e963]" started-at="2023-04-04T19:38:48 IST" name="methodTearDown" finished-at="2023-04-04T19:38:48 IST" duration-ms="0" status="PASS">
          <reporter-output>
          </reporter-output>
        </test-method> <!-- methodTearDown -->
      </class> <!-- testscripts.Test2 -->
      <class name="testscripts.Test3">
        <test-method is-config="true" signature="classConfiguration()[pri:0, instance:testscripts.Test3@1dde4cb2]" started-at="2023-04-04T19:38:32 IST" name="classConfiguration" finished-at="2023-04-04T19:38:34 IST" duration-ms="1691" status="PASS">
          <reporter-output>
          </reporter-output>
        </test-method> <!-- classConfiguration -->
        <test-method is-config="true" signature="methodConfiguration()[pri:0, instance:testscripts.Test3@1dde4cb2]" started-at="2023-04-04T19:38:34 IST" name="methodConfiguration" finished-at="2023-04-04T19:38:34 IST" duration-ms="74" status="PASS">
          <reporter-output>
          </reporter-output>
        </test-method> <!-- methodConfiguration -->
        <test-method signature="test3()[pri:0, instance:testscripts.Test3@1dde4cb2]" started-at="2023-04-04T19:38:34 IST" name="test3" finished-at="2023-04-04T19:38:41 IST" duration-ms="7540" status="PASS">
          <reporter-output>
          </reporter-output>
        </test-method> <!-- test3 -->
        <test-method is-config="true" signature="classTearDown()[pri:0, instance:testscripts.Test3@1dde4cb2]" started-at="2023-04-04T19:38:41 IST" name="classTearDown" finished-at="2023-04-04T19:38:41 IST" duration-ms="179" status="PASS">
          <reporter-output>
          </reporter-output>
        </test-method> <!-- classTearDown -->
        <test-method is-config="true" signature="methodTearDown()[pri:0, instance:testscripts.Test3@1dde4cb2]" started-at="2023-04-04T19:38:41 IST" name="methodTearDown" finished-at="2023-04-04T19:38:41 IST" duration-ms="0" status="PASS">
          <reporter-output>
          </reporter-output>
        </test-method> <!-- methodTearDown -->
      </class> <!-- testscripts.Test3 -->
      <class name="testscripts.Test1">
        <test-method is-config="true" signature="classConfiguration()[pri:0, instance:testscripts.Test1@16ec5519]" started-at="2023-04-04T19:38:25 IST" name="classConfiguration" finished-at="2023-04-04T19:38:27 IST" duration-ms="2157" status="PASS">
          <reporter-output>
          </reporter-output>
        </test-method> <!-- classConfiguration -->
        <test-method is-config="true" signature="methodConfiguration()[pri:0, instance:testscripts.Test1@16ec5519]" started-at="2023-04-04T19:38:27 IST" name="methodConfiguration" finished-at="2023-04-04T19:38:28 IST" duration-ms="606" status="PASS">
          <reporter-output>
          </reporter-output>
        </test-method> <!-- methodConfiguration -->
        <test-method signature="test1()[pri:0, instance:testscripts.Test1@16ec5519]" started-at="2023-04-04T19:38:28 IST" name="test1" finished-at="2023-04-04T19:38:32 IST" duration-ms="4031" status="PASS">
          <reporter-output>
          </reporter-output>
        </test-method> <!-- test1 -->
        <test-method is-config="true" signature="methodTearDown()[pri:0, instance:testscripts.Test1@16ec5519]" started-at="2023-04-04T19:38:32 IST" name="methodTearDown" finished-at="2023-04-04T19:38:32 IST" duration-ms="0" status="PASS">
          <reporter-output>
          </reporter-output>
        </test-method> <!-- methodTearDown -->
        <test-method is-config="true" signature="classTearDown()[pri:0, instance:testscripts.Test1@16ec5519]" started-at="2023-04-04T19:38:32 IST" name="classTearDown" finished-at="2023-04-04T19:38:32 IST" duration-ms="175" status="PASS">
          <reporter-output>
          </reporter-output>
        </test-method> <!-- classTearDown -->
      </class> <!-- testscripts.Test1 -->
    </test> <!-- Test -->
  </suite> <!-- Suite -->
</testng-results>
